<?xml version="1.0" encoding="UTF-8"?>
<testng-results ignored="0" total="1" passed="1" failed="0" skipped="0">
  <reporter-output>
  </reporter-output>
  <suite started-at="2023-06-22T14:53:32 EDT" name="MySuite" finished-at="2023-06-22T14:53:42 EDT" duration-ms="9762">
    <groups>
    </groups>
    <test started-at="2023-06-22T14:53:32 EDT" name="EaapTestAutomation" finished-at="2023-06-22T14:53:42 EDT" duration-ms="9762">
      <class name="MyPack.NewTest">
        <test-method is-config="true" signature="beforeTest()[pri:0, instance:MyPack.NewTest@2e6a8155]" started-at="2023-06-22T14:53:32 EDT" name="beforeTest" finished-at="2023-06-22T14:53:35 EDT" duration-ms="2278" status="PASS">
          <reporter-output>
          </reporter-output>
        </test-method> <!-- beforeTest -->
        <test-method signature="f()[pri:0, instance:MyPack.NewTest@2e6a8155]" started-at="2023-06-22T14:53:35 EDT" name="f" finished-at="2023-06-22T14:53:42 EDT" duration-ms="7202" status="PASS">
          <reporter-output>
          </reporter-output>
        </test-method> <!-- f -->
        <test-method is-config="true" signature="afterTest()[pri:0, instance:MyPack.NewTest@2e6a8155]" started-at="2023-06-22T14:53:42 EDT" name="afterTest" finished-at="2023-06-22T14:53:42 EDT" duration-ms="247" status="PASS">
          <reporter-output>
          </reporter-output>
        </test-method> <!-- afterTest -->
      </class> <!-- MyPack.NewTest -->
    </test> <!-- EaapTestAutomation -->
  </suite> <!-- MySuite -->
</testng-results>
